;  LST file generated by mikroListExporter - v.2.0 
; Date/Time: 12/09/2012 09:34:52
;----------------------------------------------

;Address Opcode 	ASM
0x0000	0xF001EF32  	GOTO        612
0x0004	0x0000      	NOP
0x0006	0x0000      	NOP
0x0008	0xF000EF00  	GOTO        0
0x000C	0x0000      	NOP
0x000E	0x0000      	NOP
0x0010	0x0000      	NOP
0x0012	0x0000      	NOP
0x0014	0x0000      	NOP
0x0016	0x0000      	NOP
0x0018	0xD7F3      	BRA         0
_UART1_Write:
;__Lib_UART_c67.c,59 :: 		
;__Lib_UART_c67.c,60 :: 		
L_UART1_Write3:
0x001C	0xB2AC      	BTFSC       TXSTA, 1 
0x001E	0xD002      	BRA         L_UART1_Write4
;__Lib_UART_c67.c,61 :: 		
0x0020	0x0000      	NOP
0x0022	0xD7FC      	BRA         L_UART1_Write3
L_UART1_Write4:
;__Lib_UART_c67.c,62 :: 		
0x0024	0xFFADC0D6  	MOVFF       FARG_UART1_Write_data_, TXREG
;__Lib_UART_c67.c,63 :: 		
0x0028	0x0012      	RETURN      0
; end of _UART1_Write
_UART1_Write_Text:
;__Lib_UART_c67.c,67 :: 		
;__Lib_UART_c67.c,68 :: 		
0x002A	0x0100      	MOVLB       0
0x002C	0x6BD5      	CLRF        UART1_Write_Text_counter_L0, 1
;__Lib_UART_c67.c,70 :: 		
0x002E	0xFFE9C0D2  	MOVFF       FARG_UART1_Write_Text_uart_text, FSR0L
0x0032	0xFFEAC0D3  	MOVFF       FARG_UART1_Write_Text_uart_text+1, FSR0H
0x0036	0xF0D4CFEE  	MOVFF       POSTINC0, UART1_Write_Text_data__L0
;__Lib_UART_c67.c,71 :: 		
L_UART1_Write_Text5:
0x003A	0x51D4      	MOVF        UART1_Write_Text_data__L0, 0, 1
0x003C	0x0A00      	XORLW       0
0x003E	0xE00E      	BZ          L_UART1_Write_Text6
;__Lib_UART_c67.c,72 :: 		
0x0040	0xF0D6C0D4  	MOVFF       UART1_Write_Text_data__L0, FARG_UART1_Write_data_
0x0044	0xDFEB      	RCALL       _UART1_Write
;__Lib_UART_c67.c,73 :: 		
0x0046	0x0100      	MOVLB       0
0x0048	0x2BD5      	INCF        UART1_Write_Text_counter_L0, 1, 1
;__Lib_UART_c67.c,74 :: 		
0x004A	0x51D5      	MOVF        UART1_Write_Text_counter_L0, 0, 1
0x004C	0x25D2      	ADDWF       FARG_UART1_Write_Text_uart_text, 0, 1
0x004E	0x6EE9      	MOVWF       FSR0L 
0x0050	0x0E00      	MOVLW       0
0x0052	0x21D3      	ADDWFC      FARG_UART1_Write_Text_uart_text+1, 0, 1
0x0054	0x6EEA      	MOVWF       FSR0H 
0x0056	0xF0D4CFEE  	MOVFF       POSTINC0, UART1_Write_Text_data__L0
;__Lib_UART_c67.c,75 :: 		
0x005A	0xD7EF      	BRA         L_UART1_Write_Text5
L_UART1_Write_Text6:
;__Lib_UART_c67.c,76 :: 		
0x005C	0x0012      	RETURN      0
; end of _UART1_Write_Text
_UART1_Data_Ready:
;__Lib_UART_c67.c,34 :: 		
;__Lib_UART_c67.c,35 :: 		
0x005E	0x0E00      	MOVLW       0
0x0060	0xBA9E      	BTFSC       PIR1, 5 
0x0062	0x0E01      	MOVLW       1
0x0064	0x6E00      	MOVWF       R0 
;__Lib_UART_c67.c,36 :: 		
0x0066	0x0012      	RETURN      0
; end of _UART1_Data_Ready
_UART1_Read:
;__Lib_UART_c67.c,40 :: 		
;__Lib_UART_c67.c,43 :: 		
0x0068	0xF0C7CFAE  	MOVFF       RCREG, ___tmp_UART1_Read
;__Lib_UART_c67.c,44 :: 		
0x006C	0xA2AB      	BTFSS       RCSTA, 1 
0x006E	0xD002      	BRA         L_UART1_Read2
;__Lib_UART_c67.c,45 :: 		
0x0070	0x98AB      	BCF         RCSTA, 4 
;__Lib_UART_c67.c,46 :: 		
0x0072	0x88AB      	BSF         RCSTA, 4 
;__Lib_UART_c67.c,47 :: 		
L_UART1_Read2:
;__Lib_UART_c67.c,48 :: 		
0x0074	0xF000C0C7  	MOVFF       ___tmp_UART1_Read, R0
;__Lib_UART_c67.c,49 :: 		
0x0078	0x0012      	RETURN      0
; end of _UART1_Read
_UART1_Read_Text:
;__Lib_UART_c67.c,79 :: 		
;__Lib_UART_c67.c,80 :: 		
0x007A	0x0100      	MOVLB       0
0x007C	0x6BD0      	CLRF        UART1_Read_Text_out_idx_L0, 1
0x007E	0x6BD1      	CLRF        UART1_Read_Text_delim_idx_L0, 1
;__Lib_UART_c67.c,82 :: 		
L_UART1_Read_Text7:
0x0080	0x53CE      	MOVF        FARG_UART1_Read_Text_Attempts, 1, 1
0x0082	0xE042      	BZ          L_UART1_Read_Text8
;__Lib_UART_c67.c,84 :: 		
0x0084	0x51CE      	MOVF        FARG_UART1_Read_Text_Attempts, 0, 1
0x0086	0x0AFF      	XORLW       255
0x0088	0xE001      	BZ          L_UART1_Read_Text9
;__Lib_UART_c67.c,85 :: 		
0x008A	0x07CE      	DECF        FARG_UART1_Read_Text_Attempts, 1, 1
L_UART1_Read_Text9:
;__Lib_UART_c67.c,87 :: 		
L_UART1_Read_Text10:
0x008C	0xDFE8      	RCALL       _UART1_Data_Ready
0x008E	0x5000      	MOVF        R0, 0 
0x0090	0x0A00      	XORLW       0
0x0092	0xE101      	BNZ         L_UART1_Read_Text11
;__Lib_UART_c67.c,88 :: 		
0x0094	0xD7FB      	BRA         L_UART1_Read_Text10
L_UART1_Read_Text11:
;__Lib_UART_c67.c,90 :: 		
0x0096	0xDFE8      	RCALL       _UART1_Read
0x0098	0xF0CFC000  	MOVFF       R0, UART1_Read_Text_r_data_L0
;__Lib_UART_c67.c,91 :: 		
0x009C	0x0100      	MOVLB       0
0x009E	0x51D0      	MOVF        UART1_Read_Text_out_idx_L0, 0, 1
0x00A0	0x25CA      	ADDWF       FARG_UART1_Read_Text_Output, 0, 1
0x00A2	0x6EE1      	MOVWF       FSR1L 
0x00A4	0x0E00      	MOVLW       0
0x00A6	0x21CB      	ADDWFC      FARG_UART1_Read_Text_Output+1, 0, 1
0x00A8	0x6EE2      	MOVWF       FSR1H 
0x00AA	0xFFE6C000  	MOVFF       R0, POSTINC1
0x00AE	0x2BD0      	INCF        UART1_Read_Text_out_idx_L0, 1, 1
;__Lib_UART_c67.c,92 :: 		
0x00B0	0x51D1      	MOVF        UART1_Read_Text_delim_idx_L0, 0, 1
0x00B2	0x25CC      	ADDWF       FARG_UART1_Read_Text_Delimiter, 0, 1
0x00B4	0x6EE9      	MOVWF       FSR0L 
0x00B6	0x0E00      	MOVLW       0
0x00B8	0x21CD      	ADDWFC      FARG_UART1_Read_Text_Delimiter+1, 0, 1
0x00BA	0x6EEA      	MOVWF       FSR0H 
0x00BC	0x50EE      	MOVF        POSTINC0, 0 
0x00BE	0x19CF      	XORWF       UART1_Read_Text_r_data_L0, 0, 1
0x00C0	0xE102      	BNZ         L_UART1_Read_Text12
;__Lib_UART_c67.c,93 :: 		
0x00C2	0x2BD1      	INCF        UART1_Read_Text_delim_idx_L0, 1, 1
;__Lib_UART_c67.c,94 :: 		
0x00C4	0xD009      	BRA         L_UART1_Read_Text13
L_UART1_Read_Text12:
;__Lib_UART_c67.c,96 :: 		
0x00C6	0x6BD1      	CLRF        UART1_Read_Text_delim_idx_L0, 1
;__Lib_UART_c67.c,97 :: 		
0x00C8	0xFFE9C0CC  	MOVFF       FARG_UART1_Read_Text_Delimiter, FSR0L
0x00CC	0xFFEAC0CD  	MOVFF       FARG_UART1_Read_Text_Delimiter+1, FSR0H
0x00D0	0x50EE      	MOVF        POSTINC0, 0 
0x00D2	0x19CF      	XORWF       UART1_Read_Text_r_data_L0, 0, 1
0x00D4	0xE101      	BNZ         L_UART1_Read_Text14
;__Lib_UART_c67.c,98 :: 		
0x00D6	0x2BD1      	INCF        UART1_Read_Text_delim_idx_L0, 1, 1
;__Lib_UART_c67.c,99 :: 		
L_UART1_Read_Text14:
;__Lib_UART_c67.c,100 :: 		
L_UART1_Read_Text13:
;__Lib_UART_c67.c,102 :: 		
0x00D8	0x51D1      	MOVF        UART1_Read_Text_delim_idx_L0, 0, 1
0x00DA	0x25CC      	ADDWF       FARG_UART1_Read_Text_Delimiter, 0, 1
0x00DC	0x6EE9      	MOVWF       FSR0L 
0x00DE	0x0E00      	MOVLW       0
0x00E0	0x21CD      	ADDWFC      FARG_UART1_Read_Text_Delimiter+1, 0, 1
0x00E2	0x6EEA      	MOVWF       FSR0H 
0x00E4	0x50EE      	MOVF        POSTINC0, 0 
0x00E6	0x0A00      	XORLW       0
0x00E8	0xE10E      	BNZ         L_UART1_Read_Text15
;__Lib_UART_c67.c,103 :: 		
0x00EA	0x51D1      	MOVF        UART1_Read_Text_delim_idx_L0, 0, 1
0x00EC	0x5DD0      	SUBWF       UART1_Read_Text_out_idx_L0, 0, 1
0x00EE	0x6E00      	MOVWF       R0 
0x00F0	0x6A01      	CLRF        R1 
0x00F2	0x0E00      	MOVLW       0
0x00F4	0x5A01      	SUBWFB      R1, 1 
0x00F6	0x5000      	MOVF        R0, 0 
0x00F8	0x25CA      	ADDWF       FARG_UART1_Read_Text_Output, 0, 1
0x00FA	0x6EE1      	MOVWF       FSR1L 
0x00FC	0x5001      	MOVF        R1, 0 
0x00FE	0x21CB      	ADDWFC      FARG_UART1_Read_Text_Output+1, 0, 1
0x0100	0x6EE2      	MOVWF       FSR1H 
0x0102	0x6AE6      	CLRF        POSTINC1 
;__Lib_UART_c67.c,104 :: 		
0x0104	0x0012      	RETURN      0
;__Lib_UART_c67.c,105 :: 		
L_UART1_Read_Text15:
;__Lib_UART_c67.c,107 :: 		
0x0106	0xD7BC      	BRA         L_UART1_Read_Text7
L_UART1_Read_Text8:
;__Lib_UART_c67.c,108 :: 		
0x0108	0xFFE1C0CA  	MOVFF       FARG_UART1_Read_Text_Output, FSR1L
0x010C	0xFFE2C0CB  	MOVFF       FARG_UART1_Read_Text_Output+1, FSR1H
0x0110	0x6AE6      	CLRF        POSTINC1 
;__Lib_UART_c67.c,109 :: 		
0x0112	0x0012      	RETURN      0
; end of _UART1_Read_Text
_UART1_Init:
;__Lib_UART_c67.c,15 :: 		
;__Lib_UART_c67.c,18 :: 		
0x0114	0x0E1C      	MOVLW       _UART1_Write
0x0116	0x0100      	MOVLB       0
0x0118	0x6FC1      	MOVWF       _UART_Wr_Ptr, 1
0x011A	0x0E00      	MOVLW       hi_addr(_UART1_Write)
0x011C	0x6FC2      	MOVWF       _UART_Wr_Ptr+1, 1
0x011E	0x0ED6      	MOVLW       FARG_UART1_Write_data_
0x0120	0x6FC3      	MOVWF       _UART_Wr_Ptr+2, 1
0x0122	0x0E00      	MOVLW       hi_addr(FARG_UART1_Write_data_)
0x0124	0x6FC4      	MOVWF       _UART_Wr_Ptr+3, 1
;__Lib_UART_c67.c,19 :: 		
0x0126	0x0E68      	MOVLW       _UART1_Read
0x0128	0x6FB5      	MOVWF       _UART_Rd_Ptr, 1
0x012A	0x0E00      	MOVLW       hi_addr(_UART1_Read)
0x012C	0x6FB6      	MOVWF       _UART_Rd_Ptr+1, 1
0x012E	0x0E00      	MOVLW       0
0x0130	0x6FB7      	MOVWF       _UART_Rd_Ptr+2, 1
0x0132	0x0E00      	MOVLW       0
0x0134	0x6FB8      	MOVWF       _UART_Rd_Ptr+3, 1
;__Lib_UART_c67.c,20 :: 		
0x0136	0x0E5E      	MOVLW       _UART1_Data_Ready
0x0138	0x6FB9      	MOVWF       _UART_Rdy_Ptr, 1
0x013A	0x0E00      	MOVLW       hi_addr(_UART1_Data_Ready)
0x013C	0x6FBA      	MOVWF       _UART_Rdy_Ptr+1, 1
0x013E	0x0E00      	MOVLW       0
0x0140	0x6FBB      	MOVWF       _UART_Rdy_Ptr+2, 1
0x0142	0x0E00      	MOVLW       0
0x0144	0x6FBC      	MOVWF       _UART_Rdy_Ptr+3, 1
;__Lib_UART_c67.c,21 :: 		
0x0146	0x0EFF      	MOVLW       _UART1_Tx_Idle
0x0148	0x6FBD      	MOVWF       _UART_Tx_Idle_Ptr, 1
0x014A	0x0EFF      	MOVLW       hi_addr(_UART1_Tx_Idle)
0x014C	0x6FBE      	MOVWF       _UART_Tx_Idle_Ptr+1, 1
0x014E	0x0E00      	MOVLW       0
0x0150	0x6FBF      	MOVWF       _UART_Tx_Idle_Ptr+2, 1
0x0152	0x0E00      	MOVLW       0
0x0154	0x6FC0      	MOVWF       _UART_Tx_Idle_Ptr+3, 1
;__Lib_UART_c67.c,23 :: 		
0x0156	0x8AAC      	BSF         TXSTA, 5 
;__Lib_UART_c67.c,24 :: 		
0x0158	0x0E90      	MOVLW       144
0x015A	0x6EAB      	MOVWF       RCSTA 
;__Lib_UART_c67.c,25 :: 		
0x015C	0x8E94      	BSF         TRISC7_bit, 7 
;__Lib_UART_c67.c,26 :: 		
0x015E	0x9C94      	BCF         TRISC6_bit, 6 
;__Lib_UART_c67.c,28 :: 		
L_UART1_Init0:
0x0160	0xAA9E      	BTFSS       PIR1, 5 
0x0162	0xD003      	BRA         L_UART1_Init1
;__Lib_UART_c67.c,29 :: 		
0x0164	0xF000CFAE  	MOVFF       RCREG, R0
0x0168	0xD7FB      	BRA         L_UART1_Init0
L_UART1_Init1:
;__Lib_UART_c67.c,30 :: 		
0x016A	0x0012      	RETURN      0
; end of _UART1_Init
___CC2DW:
;__Lib_System.c,21 :: 		
;__Lib_System.c,23 :: 		
_CC2DL_Loop1:
;__Lib_System.c,24 :: 		
0x016C	0x0009      	TBLRD*+
;__Lib_System.c,25 :: 		
0x016E	0xFFE6CFF5  	MOVFF       TABLAT, POSTINC1
;__Lib_System.c,26 :: 		
0x0172	0x0600      	DECF        R0, 1, 0
;__Lib_System.c,27 :: 		
0x0174	0xE1FB      	BNZ         _CC2DL_Loop1
;__Lib_System.c,28 :: 		
0x0176	0x0601      	DECF        R1, 1, 0
;__Lib_System.c,29 :: 		
0x0178	0xE1F9      	BNZ         _CC2DL_Loop1
;__Lib_System.c,31 :: 		
0x017A	0x0012      	RETURN      0
; end of ___CC2DW
_strlen:
;__Lib_CString.c,144 :: 		
;__Lib_CString.c,147 :: 		
0x017C	0xF002C0CA  	MOVFF       FARG_strlen_s, R2
0x0180	0xF003C0CB  	MOVFF       FARG_strlen_s+1, R3
;__Lib_CString.c,148 :: 		
L_strlen36:
0x0184	0xF000C002  	MOVFF       R2, R0
0x0188	0xF001C003  	MOVFF       R3, R1
0x018C	0x4A02      	INFSNZ      R2, 1 
0x018E	0x2A03      	INCF        R3, 1 
0x0190	0xFFE9C000  	MOVFF       R0, FSR0L
0x0194	0xFFEAC001  	MOVFF       R1, FSR0H
0x0198	0x52EE      	MOVF        POSTINC0, 1 
0x019A	0xE001      	BZ          L_strlen37
;__Lib_CString.c,149 :: 		
0x019C	0xD7F3      	BRA         L_strlen36
L_strlen37:
;__Lib_CString.c,150 :: 		
0x019E	0x0100      	MOVLB       0
0x01A0	0x51CA      	MOVF        FARG_strlen_s, 0, 1
0x01A2	0x5C02      	SUBWF       R2, 0 
0x01A4	0x6E00      	MOVWF       R0 
0x01A6	0x51CB      	MOVF        FARG_strlen_s+1, 0, 1
0x01A8	0x5803      	SUBWFB      R3, 0 
0x01AA	0x6E01      	MOVWF       R1 
0x01AC	0x0E01      	MOVLW       1
0x01AE	0x5E00      	SUBWF       R0, 1 
0x01B0	0x0E00      	MOVLW       0
0x01B2	0x5A01      	SUBWFB      R1, 1 
;__Lib_CString.c,151 :: 		
0x01B4	0x0012      	RETURN      0
; end of _strlen
_imprimeEstadoAtual:
;ASS.c,12 :: 		void imprimeEstadoAtual() {
;ASS.c,14 :: 		UART1_Write_Text("JOGO DA FORCA - 1.0");
0x01B6	0x0E8E      	MOVLW       ?lstr1_ASS
0x01B8	0x0100      	MOVLB       0
0x01BA	0x6FD2      	MOVWF       FARG_UART1_Write_Text_uart_text, 1
0x01BC	0x0E00      	MOVLW       hi_addr(?lstr1_ASS)
0x01BE	0x6FD3      	MOVWF       FARG_UART1_Write_Text_uart_text+1, 1
0x01C0	0xDF34      	RCALL       _UART1_Write_Text
;ASS.c,15 :: 		UART1_Write_Text(enter);
0x01C2	0x0EC8      	MOVLW       _enter
0x01C4	0x6FD2      	MOVWF       FARG_UART1_Write_Text_uart_text, 1
0x01C6	0x0E00      	MOVLW       hi_addr(_enter)
0x01C8	0x6FD3      	MOVWF       FARG_UART1_Write_Text_uart_text+1, 1
0x01CA	0xDF2F      	RCALL       _UART1_Write_Text
;ASS.c,16 :: 		UART1_Write_Text(enter);
0x01CC	0x0EC8      	MOVLW       _enter
0x01CE	0x6FD2      	MOVWF       FARG_UART1_Write_Text_uart_text, 1
0x01D0	0x0E00      	MOVLW       hi_addr(_enter)
0x01D2	0x6FD3      	MOVWF       FARG_UART1_Write_Text_uart_text+1, 1
0x01D4	0xDF2A      	RCALL       _UART1_Write_Text
;ASS.c,17 :: 		UART1_Write_Text("Letras:");
0x01D6	0x0EA9      	MOVLW       ?lstr2_ASS
0x01D8	0x6FD2      	MOVWF       FARG_UART1_Write_Text_uart_text, 1
0x01DA	0x0E00      	MOVLW       hi_addr(?lstr2_ASS)
0x01DC	0x6FD3      	MOVWF       FARG_UART1_Write_Text_uart_text+1, 1
0x01DE	0xDF25      	RCALL       _UART1_Write_Text
;ASS.c,18 :: 		UART1_Write_Text(enter);
0x01E0	0x0EC8      	MOVLW       _enter
0x01E2	0x6FD2      	MOVWF       FARG_UART1_Write_Text_uart_text, 1
0x01E4	0x0E00      	MOVLW       hi_addr(_enter)
0x01E6	0x6FD3      	MOVWF       FARG_UART1_Write_Text_uart_text+1, 1
0x01E8	0xDF20      	RCALL       _UART1_Write_Text
;ASS.c,19 :: 		UART1_Write_Text(letras1);
0x01EA	0x0EA2      	MOVLW       _letras1
0x01EC	0x6FD2      	MOVWF       FARG_UART1_Write_Text_uart_text, 1
0x01EE	0x0E00      	MOVLW       hi_addr(_letras1)
0x01F0	0x6FD3      	MOVWF       FARG_UART1_Write_Text_uart_text+1, 1
0x01F2	0xDF1B      	RCALL       _UART1_Write_Text
;ASS.c,20 :: 		UART1_Write_Text(enter);
0x01F4	0x0EC8      	MOVLW       _enter
0x01F6	0x6FD2      	MOVWF       FARG_UART1_Write_Text_uart_text, 1
0x01F8	0x0E00      	MOVLW       hi_addr(_enter)
0x01FA	0x6FD3      	MOVWF       FARG_UART1_Write_Text_uart_text+1, 1
0x01FC	0xDF16      	RCALL       _UART1_Write_Text
;ASS.c,21 :: 		UART1_Write_Text(letras2);
0x01FE	0x0E54      	MOVLW       _letras2
0x0200	0x6FD2      	MOVWF       FARG_UART1_Write_Text_uart_text, 1
0x0202	0x0E00      	MOVLW       hi_addr(_letras2)
0x0204	0x6FD3      	MOVWF       FARG_UART1_Write_Text_uart_text+1, 1
0x0206	0xDF11      	RCALL       _UART1_Write_Text
;ASS.c,22 :: 		UART1_Write_Text(enter);
0x0208	0x0EC8      	MOVLW       _enter
0x020A	0x6FD2      	MOVWF       FARG_UART1_Write_Text_uart_text, 1
0x020C	0x0E00      	MOVLW       hi_addr(_enter)
0x020E	0x6FD3      	MOVWF       FARG_UART1_Write_Text_uart_text+1, 1
0x0210	0xDF0C      	RCALL       _UART1_Write_Text
;ASS.c,23 :: 		UART1_Write_Text("----------------------------------");
0x0212	0x0E5B      	MOVLW       ?lstr3_ASS
0x0214	0x6FD2      	MOVWF       FARG_UART1_Write_Text_uart_text, 1
0x0216	0x0E00      	MOVLW       hi_addr(?lstr3_ASS)
0x0218	0x6FD3      	MOVWF       FARG_UART1_Write_Text_uart_text+1, 1
0x021A	0xDF07      	RCALL       _UART1_Write_Text
;ASS.c,24 :: 		UART1_Write_Text(enter);
0x021C	0x0EC8      	MOVLW       _enter
0x021E	0x6FD2      	MOVWF       FARG_UART1_Write_Text_uart_text, 1
0x0220	0x0E00      	MOVLW       hi_addr(_enter)
0x0222	0x6FD3      	MOVWF       FARG_UART1_Write_Text_uart_text+1, 1
0x0224	0xDF02      	RCALL       _UART1_Write_Text
;ASS.c,25 :: 		UART1_Write_Text(escondida);
0x0226	0x0E7E      	MOVLW       _escondida
0x0228	0x6FD2      	MOVWF       FARG_UART1_Write_Text_uart_text, 1
0x022A	0x0E00      	MOVLW       hi_addr(_escondida)
0x022C	0x6FD3      	MOVWF       FARG_UART1_Write_Text_uart_text+1, 1
0x022E	0xDEFD      	RCALL       _UART1_Write_Text
;ASS.c,26 :: 		UART1_Write_Text(" - Tentativas restantes: ");
0x0230	0x0E3A      	MOVLW       ?lstr4_ASS
0x0232	0x6FD2      	MOVWF       FARG_UART1_Write_Text_uart_text, 1
0x0234	0x0E00      	MOVLW       hi_addr(?lstr4_ASS)
0x0236	0x6FD3      	MOVWF       FARG_UART1_Write_Text_uart_text+1, 1
0x0238	0xDEF8      	RCALL       _UART1_Write_Text
;ASS.c,27 :: 		UART1_Write_Text(tentativas);
0x023A	0xF0D2C015  	MOVFF       _tentativas, FARG_UART1_Write_Text_uart_text
0x023E	0xF0D3C016  	MOVFF       _tentativas+1, FARG_UART1_Write_Text_uart_text+1
0x0242	0xDEF3      	RCALL       _UART1_Write_Text
;ASS.c,28 :: 		UART1_Write_Text(enter);
0x0244	0x0EC8      	MOVLW       _enter
0x0246	0x6FD2      	MOVWF       FARG_UART1_Write_Text_uart_text, 1
0x0248	0x0E00      	MOVLW       hi_addr(_enter)
0x024A	0x6FD3      	MOVWF       FARG_UART1_Write_Text_uart_text+1, 1
0x024C	0xDEEE      	RCALL       _UART1_Write_Text
;ASS.c,29 :: 		UART1_Write_Text("----------------------------------");
0x024E	0x0E17      	MOVLW       ?lstr5_ASS
0x0250	0x6FD2      	MOVWF       FARG_UART1_Write_Text_uart_text, 1
0x0252	0x0E00      	MOVLW       hi_addr(?lstr5_ASS)
0x0254	0x6FD3      	MOVWF       FARG_UART1_Write_Text_uart_text+1, 1
0x0256	0xDEE9      	RCALL       _UART1_Write_Text
;ASS.c,30 :: 		UART1_Write_Text(enter);
0x0258	0x0EC8      	MOVLW       _enter
0x025A	0x6FD2      	MOVWF       FARG_UART1_Write_Text_uart_text, 1
0x025C	0x0E00      	MOVLW       hi_addr(_enter)
0x025E	0x6FD3      	MOVWF       FARG_UART1_Write_Text_uart_text+1, 1
0x0260	0xDEE4      	RCALL       _UART1_Write_Text
;ASS.c,31 :: 		}
0x0262	0x0012      	RETURN      0
; end of _imprimeEstadoAtual
_main:
0x0264	0xF001ECE4  	CALL        968, 0
;ASS.c,33 :: 		void main() {
;ASS.c,35 :: 		enter[0]=13;
0x0268	0x0E0D      	MOVLW       13
0x026A	0x0100      	MOVLB       0
0x026C	0x6FC8      	MOVWF       _enter, 1
;ASS.c,36 :: 		enter[1]=0;
0x026E	0x6BC9      	CLRF        _enter+1, 1
;ASS.c,38 :: 		UART1_Init(9600);              // Initialize UART module at 9600 bps
0x0270	0x0E33      	MOVLW       51
0x0272	0x6EAF      	MOVWF       SPBRG 
0x0274	0x84AC      	BSF         TXSTA, 2, 0
0x0276	0xDF4E      	RCALL       _UART1_Init
;ASS.c,39 :: 		Delay_ms(100);                 // Wait for UART module to stabilize
0x0278	0x0E02      	MOVLW       2
0x027A	0x6E0B      	MOVWF       R11, 0
0x027C	0x0E04      	MOVLW       4
0x027E	0x6E0C      	MOVWF       R12, 0
0x0280	0x0EBA      	MOVLW       186
0x0282	0x6E0D      	MOVWF       R13, 0
L_main0:
0x0284	0x2E0D      	DECFSZ      R13, 1, 0
0x0286	0xD7FE      	BRA         L_main0
0x0288	0x2E0C      	DECFSZ      R12, 1, 0
0x028A	0xD7FC      	BRA         L_main0
0x028C	0x2E0B      	DECFSZ      R11, 1, 0
0x028E	0xD7FA      	BRA         L_main0
0x0290	0x0000      	NOP
;ASS.c,41 :: 		while (tentativas > 0) {
L_main1:
0x0292	0x0E80      	MOVLW       128
0x0294	0x6E00      	MOVWF       R0 
0x0296	0x0E80      	MOVLW       128
0x0298	0x1816      	XORWF       _tentativas+1, 0 
0x029A	0x5C00      	SUBWF       R0, 0 
0x029C	0xE102      	BNZ         L__main8
0x029E	0x5015      	MOVF        _tentativas, 0 
0x02A0	0x0800      	SUBLW       0
L__main8:
0x02A2	0xE243      	BC          L_main2
;ASS.c,42 :: 		encontrou = 0;
0x02A4	0x0100      	MOVLB       0
0x02A6	0x6BB1      	CLRF        _encontrou, 1
0x02A8	0x6BB2      	CLRF        _encontrou+1, 1
;ASS.c,43 :: 		imprimeEstadoAtual();
0x02AA	0xDF85      	RCALL       _imprimeEstadoAtual
;ASS.c,45 :: 		UART1_Read_Text(entrada, enter, 2);
0x02AC	0x0EB3      	MOVLW       _entrada
0x02AE	0x6FCA      	MOVWF       FARG_UART1_Read_Text_Output, 1
0x02B0	0x0E00      	MOVLW       hi_addr(_entrada)
0x02B2	0x6FCB      	MOVWF       FARG_UART1_Read_Text_Output+1, 1
0x02B4	0x0EC8      	MOVLW       _enter
0x02B6	0x6FCC      	MOVWF       FARG_UART1_Read_Text_Delimiter, 1
0x02B8	0x0E00      	MOVLW       hi_addr(_enter)
0x02BA	0x6FCD      	MOVWF       FARG_UART1_Read_Text_Delimiter+1, 1
0x02BC	0x0E02      	MOVLW       2
0x02BE	0x6FCE      	MOVWF       FARG_UART1_Read_Text_Attempts, 1
0x02C0	0xDEDC      	RCALL       _UART1_Read_Text
;ASS.c,47 :: 		for(i=0; i < strlen(palavra); i++) {
0x02C2	0x6BC5      	CLRF        _i, 1
0x02C4	0x6BC6      	CLRF        _i+1, 1
L_main3:
0x02C6	0x0E86      	MOVLW       _palavra
0x02C8	0x6FCA      	MOVWF       FARG_strlen_s, 1
0x02CA	0x0E00      	MOVLW       hi_addr(_palavra)
0x02CC	0x6FCB      	MOVWF       FARG_strlen_s+1, 1
0x02CE	0xDF56      	RCALL       _strlen
0x02D0	0x0E80      	MOVLW       128
0x02D2	0x19C6      	XORWF       _i+1, 0, 1
0x02D4	0x6E02      	MOVWF       R2 
0x02D6	0x0E80      	MOVLW       128
0x02D8	0x1801      	XORWF       R1, 0 
0x02DA	0x5C02      	SUBWF       R2, 0 
0x02DC	0xE102      	BNZ         L__main9
0x02DE	0x5000      	MOVF        R0, 0 
0x02E0	0x5DC5      	SUBWF       _i, 0, 1
L__main9:
0x02E2	0xE218      	BC          L_main4
;ASS.c,48 :: 		if(palavra[i] == entrada[0]) {
0x02E4	0x0E86      	MOVLW       _palavra
0x02E6	0x25C5      	ADDWF       _i, 0, 1
0x02E8	0x6EE9      	MOVWF       FSR0L 
0x02EA	0x0E00      	MOVLW       hi_addr(_palavra)
0x02EC	0x21C6      	ADDWFC      _i+1, 0, 1
0x02EE	0x6EEA      	MOVWF       FSR0H 
0x02F0	0x50EE      	MOVF        POSTINC0, 0 
0x02F2	0x19B3      	XORWF       _entrada, 0, 1
0x02F4	0xE10C      	BNZ         L_main6
;ASS.c,49 :: 		escondida[i] = entrada[0];
0x02F6	0x0E7E      	MOVLW       _escondida
0x02F8	0x25C5      	ADDWF       _i, 0, 1
0x02FA	0x6EE1      	MOVWF       FSR1L 
0x02FC	0x0E00      	MOVLW       hi_addr(_escondida)
0x02FE	0x21C6      	ADDWFC      _i+1, 0, 1
0x0300	0x6EE2      	MOVWF       FSR1H 
0x0302	0xFFE6C0B3  	MOVFF       _entrada, POSTINC1
;ASS.c,50 :: 		encontrou = 1;
0x0306	0x0E01      	MOVLW       1
0x0308	0x6FB1      	MOVWF       _encontrou, 1
0x030A	0x0E00      	MOVLW       0
0x030C	0x6FB2      	MOVWF       _encontrou+1, 1
;ASS.c,51 :: 		}
L_main6:
;ASS.c,47 :: 		for(i=0; i < strlen(palavra); i++) {
0x030E	0x4BC5      	INFSNZ      _i, 1, 1
0x0310	0x2BC6      	INCF        _i+1, 1, 1
;ASS.c,52 :: 		}
0x0312	0xD7D9      	BRA         L_main3
L_main4:
;ASS.c,54 :: 		if(encontrou == 0) {
0x0314	0x0E00      	MOVLW       0
0x0316	0x19B2      	XORWF       _encontrou+1, 0, 1
0x0318	0xE102      	BNZ         L__main10
0x031A	0x0E00      	MOVLW       0
0x031C	0x19B1      	XORWF       _encontrou, 0, 1
L__main10:
0x031E	0xE104      	BNZ         L_main7
;ASS.c,55 :: 		tentativas--;
0x0320	0x0E01      	MOVLW       1
0x0322	0x5E15      	SUBWF       _tentativas, 1 
0x0324	0x0E00      	MOVLW       0
0x0326	0x5A16      	SUBWFB      _tentativas+1, 1 
;ASS.c,56 :: 		}
L_main7:
;ASS.c,58 :: 		}
0x0328	0xD7B4      	BRA         L_main1
L_main2:
;ASS.c,59 :: 		}
0x032A	0xD7FF      	BRA         $+0
; end of _main
0x03C8	0xF015EE10  	LFSR        1, 21
0x03CC	0x0E9C      	MOVLW       156
0x03CE	0x6E00      	MOVWF       R0 
0x03D0	0x0E01      	MOVLW       1
0x03D2	0x6E01      	MOVWF       R1 
0x03D4	0x0E2C      	MOVLW       44
0x03D6	0x6EF6      	MOVWF       4086 
0x03D8	0x0E03      	MOVLW       3
0x03DA	0x6EF7      	MOVWF       TBLPTRH 
0x03DC	0x0E00      	MOVLW       0
0x03DE	0x6EF8      	MOVWF       TBLPTRU 
0x03E0	0xF000ECB6  	CALL        364, 0
0x03E4	0x0012      	RETURN      0
;ASS.c,0 :: ?ICS_tentativas
0x032C	0x0005 ;?ICS_tentativas+0
; end of ?ICS_tentativas
;ASS.c,0 :: ?ICS?lstr5_ASS
0x032E	0x2D2D ;?ICS?lstr5_ASS+0
0x0330	0x2D2D ;?ICS?lstr5_ASS+2
0x0332	0x2D2D ;?ICS?lstr5_ASS+4
0x0334	0x2D2D ;?ICS?lstr5_ASS+6
0x0336	0x2D2D ;?ICS?lstr5_ASS+8
0x0338	0x2D2D ;?ICS?lstr5_ASS+10
0x033A	0x2D2D ;?ICS?lstr5_ASS+12
0x033C	0x2D2D ;?ICS?lstr5_ASS+14
0x033E	0x2D2D ;?ICS?lstr5_ASS+16
0x0340	0x2D2D ;?ICS?lstr5_ASS+18
0x0342	0x2D2D ;?ICS?lstr5_ASS+20
0x0344	0x2D2D ;?ICS?lstr5_ASS+22
0x0346	0x2D2D ;?ICS?lstr5_ASS+24
0x0348	0x2D2D ;?ICS?lstr5_ASS+26
0x034A	0x2D2D ;?ICS?lstr5_ASS+28
0x034C	0x2D2D ;?ICS?lstr5_ASS+30
0x034E	0x2D2D ;?ICS?lstr5_ASS+32
0x0350	0x00 ;?ICS?lstr5_ASS+34
; end of ?ICS?lstr5_ASS
;ASS.c,0 :: ?ICS?lstr4_ASS
0x0351	0x2D20 ;?ICS?lstr4_ASS+0
0x0353	0x5420 ;?ICS?lstr4_ASS+2
0x0355	0x6E65 ;?ICS?lstr4_ASS+4
0x0357	0x6174 ;?ICS?lstr4_ASS+6
0x0359	0x6974 ;?ICS?lstr4_ASS+8
0x035B	0x6176 ;?ICS?lstr4_ASS+10
0x035D	0x2073 ;?ICS?lstr4_ASS+12
0x035F	0x6572 ;?ICS?lstr4_ASS+14
0x0361	0x7473 ;?ICS?lstr4_ASS+16
0x0363	0x6E61 ;?ICS?lstr4_ASS+18
0x0365	0x6574 ;?ICS?lstr4_ASS+20
0x0367	0x3A73 ;?ICS?lstr4_ASS+22
0x0369	0x0020 ;?ICS?lstr4_ASS+24
; end of ?ICS?lstr4_ASS
;ASS.c,0 :: ?ICS_letras2
0x036B	0x4E4F ;?ICS_letras2+0
0x036D	0x4D5A ;?ICS_letras2+2
0x036F	0x4B59 ;?ICS_letras2+4
0x0371	0x00 ;?ICS_letras2+6
; end of ?ICS_letras2
;ASS.c,0 :: ?ICS?lstr3_ASS
0x0372	0x2D2D ;?ICS?lstr3_ASS+0
0x0374	0x2D2D ;?ICS?lstr3_ASS+2
0x0376	0x2D2D ;?ICS?lstr3_ASS+4
0x0378	0x2D2D ;?ICS?lstr3_ASS+6
0x037A	0x2D2D ;?ICS?lstr3_ASS+8
0x037C	0x2D2D ;?ICS?lstr3_ASS+10
0x037E	0x2D2D ;?ICS?lstr3_ASS+12
0x0380	0x2D2D ;?ICS?lstr3_ASS+14
0x0382	0x2D2D ;?ICS?lstr3_ASS+16
0x0384	0x2D2D ;?ICS?lstr3_ASS+18
0x0386	0x2D2D ;?ICS?lstr3_ASS+20
0x0388	0x2D2D ;?ICS?lstr3_ASS+22
0x038A	0x2D2D ;?ICS?lstr3_ASS+24
0x038C	0x2D2D ;?ICS?lstr3_ASS+26
0x038E	0x2D2D ;?ICS?lstr3_ASS+28
0x0390	0x2D2D ;?ICS?lstr3_ASS+30
0x0392	0x2D2D ;?ICS?lstr3_ASS+32
0x0394	0x00 ;?ICS?lstr3_ASS+34
; end of ?ICS?lstr3_ASS
;ASS.c,0 :: ?ICS_escondida
0x0395	0x5F5F ;?ICS_escondida+0
0x0397	0x5F5F ;?ICS_escondida+2
0x0399	0x5F5F ;?ICS_escondida+4
0x039B	0x005F ;?ICS_escondida+6
; end of ?ICS_escondida
;ASS.c,0 :: ?ICS_palavra
0x039D	0x4544 ;?ICS_palavra+0
0x039F	0x4F4D ;?ICS_palavra+2
0x03A1	0x494E ;?ICS_palavra+4
0x03A3	0x004F ;?ICS_palavra+6
; end of ?ICS_palavra
;ASS.c,0 :: ?ICS?lstr1_ASS
0x03A5	0x4F4A ;?ICS?lstr1_ASS+0
0x03A7	0x4F47 ;?ICS?lstr1_ASS+2
0x03A9	0x4420 ;?ICS?lstr1_ASS+4
0x03AB	0x2041 ;?ICS?lstr1_ASS+6
0x03AD	0x4F46 ;?ICS?lstr1_ASS+8
0x03AF	0x4352 ;?ICS?lstr1_ASS+10
0x03B1	0x2041 ;?ICS?lstr1_ASS+12
0x03B3	0x202D ;?ICS?lstr1_ASS+14
0x03B5	0x2E31 ;?ICS?lstr1_ASS+16
0x03B7	0x0030 ;?ICS?lstr1_ASS+18
; end of ?ICS?lstr1_ASS
;ASS.c,0 :: ?ICS_letras1
0x03B9	0x4145 ;?ICS_letras1+0
0x03BB	0x4F51 ;?ICS_letras1+2
0x03BD	0x4944 ;?ICS_letras1+4
0x03BF	0x00 ;?ICS_letras1+6
; end of ?ICS_letras1
;ASS.c,0 :: ?ICS?lstr2_ASS
0x03C0	0x654C ;?ICS?lstr2_ASS+0
0x03C2	0x7274 ;?ICS?lstr2_ASS+2
0x03C4	0x7361 ;?ICS?lstr2_ASS+4
0x03C6	0x003A ;?ICS?lstr2_ASS+6
; end of ?ICS?lstr2_ASS
Symbol List:
//** Routines locations **
//ADDRESS    SIZE    PROCEDURE
//----------------------------------------------
0x001C      [14]    _UART1_Write
0x002A      [52]    _UART1_Write_Text
0x005E      [10]    _UART1_Data_Ready
0x0068      [18]    _UART1_Read
0x007A     [154]    _UART1_Read_Text
0x0114      [88]    _UART1_Init
0x016C      [16]    ___CC2DW
0x017C      [58]    _strlen
0x01B6     [174]    _imprimeEstadoAtual
0x0264     [200]    _main
//** Variables locations ** 
//ADDRESS    SIZE    VARIABLE
//----------------------------------------------
0x0000       [1]    FLASH_Erase_64_SaveINTCON_L0
0x0000       [1]    SPI1_Write_tmp_L0
0x0000       [1]    __Lib_SoftI2C_PutZerosToLATSda_temp_sda_L0
0x0000       [1]    __Lib_SoftI2C_PutZerosToLATScl_temp_scl_L0
0x0000       [1]    EEPROM_Write_SaveINTCON_L0
0x0000       [1]    UART1_Init_tmp_L0
0x0000       [1]    R0
0x0001       [1]    FLASH_Write_8_i_L0
0x0001       [1]    ispunct_rslt_L0
0x0001       [1]    __Lib_PS2_Wait_Falling_nsample_L0
0x0001       [1]    FLASH_Erase_Write_64_i_L0
0x0001       [1]    R1
0x0001       [1]    I2C1_Rd_tmp_L0
0x0001       [2]    FLASH_Read_N_Bytes_i_L0
0x0002       [2]    memchr_s_L0
0x0002       [2]    memset_pp_L0
0x0002       [2]    strlen_cp_L0
0x0002       [1]    FLASH_Write_8_SaveINTCON_L0
0x0002       [1]    FLASH_Erase_Write_64_j_L0
0x0002       [1]    R2
0x0002       [2]    memcpy_dd_L0
0x0003       [1]    R3
0x0003       [2]    memmove_tt_L0
0x0003       [1]    FLASH_Erase_Write_64_SaveINTCON_L0
0x0004       [1]    R4
0x0004       [2]    strcpy_cp_L0
0x0004       [2]    frexp_pom_L0
0x0004       [2]    memcpy_ss_L0
0x0004       [2]    strcat_cp_L0
0x0004       [2]    strncpy_cp_L0
0x0004       [2]    strncat_cp_L0
0x0005       [2]    memmove_ff_L0
0x0005       [1]    R5
0x0006       [1]    R6
0x0007       [1]    R7
0x0008       [1]    R8
0x0009       [1]    R9
0x000A       [1]    R10
0x000B       [1]    R11
0x000C       [1]    R12
0x000D       [1]    R13
0x000E       [1]    R14
0x000F       [1]    R15
0x0010       [1]    R16
0x0011       [1]    R17
0x0012       [1]    R18
0x0013       [1]    R19
0x0014       [1]    R20
0x0015       [2]    _tentativas
0x0017      [35]    ?lstr5_ASS
0x003A      [26]    ?lstr4_ASS
0x0054       [7]    _letras2
0x005B      [35]    ?lstr3_ASS
0x007E       [8]    _escondida
0x0086       [8]    _palavra
0x008E      [20]    ?lstr1_ASS
0x00A2       [7]    _letras1
0x00A9       [8]    ?lstr2_ASS
0x00B1       [2]    _encontrou
0x00B3       [2]    _entrada
0x00B5       [4]    _UART_Rd_Ptr
0x00B9       [4]    _UART_Rdy_Ptr
0x00BD       [4]    _UART_Tx_Idle_Ptr
0x00C1       [4]    _UART_Wr_Ptr
0x00C5       [2]    _i
0x00C7       [1]    ___tmp_UART1_Read
0x00C8       [2]    _enter
0x00CA       [2]    FARG_UART1_Read_Text_Output
0x00CA       [2]    FARG_strlen_s
0x00CC       [2]    FARG_UART1_Read_Text_Delimiter
0x00CE       [1]    FARG_UART1_Read_Text_Attempts
0x00CF       [1]    UART1_Read_Text_r_data_L0
0x00D0       [1]    UART1_Read_Text_out_idx_L0
0x00D1       [1]    UART1_Read_Text_delim_idx_L0
0x00D2       [2]    FARG_UART1_Write_Text_uart_text
0x00D4       [1]    UART1_Write_Text_data__L0
0x00D5       [1]    UART1_Write_Text_counter_L0
0x00D6       [1]    FARG_UART1_Write_data_
0x0F80       [0]    RA4_bit
0x0F80       [0]    RA3_bit
0x0F80       [0]    RA2_bit
0x0F80       [1]    PORTA
0x0F80       [0]    RA6_bit
0x0F80       [0]    RA5_bit
0x0F80       [0]    RA1_bit
0x0F80       [0]    RA0_bit
0x0F81       [0]    RB7_bit
0x0F81       [0]    RB5_bit
0x0F81       [0]    RB6_bit
0x0F81       [1]    PORTB
0x0F81       [0]    RB1_bit
0x0F81       [0]    RB2_bit
0x0F81       [0]    RB0_bit
0x0F81       [0]    RB4_bit
0x0F81       [0]    RB3_bit
0x0F82       [0]    RC1_bit
0x0F82       [0]    RC2_bit
0x0F82       [1]    PORTC
0x0F82       [0]    RC0_bit
0x0F82       [0]    RC3_bit
0x0F82       [0]    RC6_bit
0x0F82       [0]    RC7_bit
0x0F82       [0]    RC4_bit
0x0F82       [0]    RC5_bit
0x0F83       [0]    RD7_bit
0x0F83       [0]    RD4_bit
0x0F83       [0]    RD5_bit
0x0F83       [0]    RD1_bit
0x0F83       [0]    RD0_bit
0x0F83       [0]    RD3_bit
0x0F83       [0]    RD6_bit
0x0F83       [0]    RD2_bit
0x0F83       [1]    PORTD
0x0F84       [0]    RE2_bit
0x0F84       [1]    PORTE
0x0F84       [0]    RE0_bit
0x0F84       [0]    RE1_bit
0x0F89       [0]    LATA1_bit
0x0F89       [0]    LATA0_bit
0x0F89       [0]    LATA2_bit
0x0F89       [0]    LATA4_bit
0x0F89       [0]    LATA3_bit
0x0F89       [0]    LATA5_bit
0x0F89       [0]    LATA6_bit
0x0F89       [1]    LATA
0x0F8A       [0]    LATB5_bit
0x0F8A       [0]    LATB0_bit
0x0F8A       [0]    LATB6_bit
0x0F8A       [0]    LATB1_bit
0x0F8A       [0]    LATB7_bit
0x0F8A       [0]    LATB2_bit
0x0F8A       [0]    LATB3_bit
0x0F8A       [1]    LATB
0x0F8A       [0]    LATB4_bit
0x0F8B       [0]    LATC0_bit
0x0F8B       [0]    LATC4_bit
0x0F8B       [0]    LATC5_bit
0x0F8B       [0]    LATC3_bit
0x0F8B       [0]    LATC2_bit
0x0F8B       [0]    LATC1_bit
0x0F8B       [1]    LATC
0x0F8B       [0]    LATC7_bit
0x0F8B       [0]    LATC6_bit
0x0F8C       [0]    LATD3_bit
0x0F8C       [0]    LATD4_bit
0x0F8C       [0]    LATD5_bit
0x0F8C       [0]    LATD0_bit
0x0F8C       [0]    LATD1_bit
0x0F8C       [0]    LATD2_bit
0x0F8C       [0]    LATD7_bit
0x0F8C       [1]    LATD
0x0F8C       [0]    LATD6_bit
0x0F8D       [0]    LATE2_bit
0x0F8D       [0]    LATE0_bit
0x0F8D       [0]    LATE1_bit
0x0F8D       [1]    LATE
0x0F92       [0]    TRISA3_bit
0x0F92       [0]    TRISA4_bit
0x0F92       [0]    TRISA1_bit
0x0F92       [0]    TRISA2_bit
0x0F92       [0]    TRISA0_bit
0x0F92       [1]    TRISA
0x0F92       [0]    TRISA5_bit
0x0F92       [0]    TRISA6_bit
0x0F93       [0]    TRISB1_bit
0x0F93       [0]    TRISB2_bit
0x0F93       [0]    TRISB0_bit
0x0F93       [1]    TRISB
0x0F93       [0]    TRISB3_bit
0x0F93       [0]    TRISB6_bit
0x0F93       [0]    TRISB7_bit
0x0F93       [0]    TRISB4_bit
0x0F93       [0]    TRISB5_bit
0x0F94       [0]    TRISC4_bit
0x0F94       [0]    TRISC5_bit
0x0F94       [0]    TRISC7_bit
0x0F94       [0]    TRISC6_bit
0x0F94       [0]    TRISC3_bit
0x0F94       [0]    TRISC0_bit
0x0F94       [1]    TRISC
0x0F94       [0]    TRISC2_bit
0x0F94       [0]    TRISC1_bit
0x0F95       [0]    TRISD5_bit
0x0F95       [1]    TRISD
0x0F95       [0]    TRISD7_bit
0x0F95       [0]    TRISD6_bit
0x0F95       [0]    TRISD0_bit
0x0F95       [0]    TRISD2_bit
0x0F95       [0]    TRISD1_bit
0x0F95       [0]    TRISD4_bit
0x0F95       [0]    TRISD3_bit
0x0F96       [0]    IBF_bit
0x0F96       [0]    TRISE0_bit
0x0F96       [0]    IBF_TRISE_bit
0x0F96       [0]    IBOV_bit
0x0F96       [0]    PSPMODE_bit
0x0F96       [0]    OBF_bit
0x0F96       [0]    PSPMODE_TRISE_bit
0x0F96       [0]    IBOV_TRISE_bit
0x0F96       [0]    OBF_TRISE_bit
0x0F96       [0]    TRISE1_bit
0x0F96       [0]    TRISE2_bit
0x0F96       [1]    TRISE
0x0F9D       [1]    PIE1
0x0F9D       [0]    CCP1IE_bit
0x0F9D       [0]    SSPIE_bit
0x0F9D       [0]    TMR1IE_bit
0x0F9D       [0]    TMR2IE_bit
0x0F9D       [0]    TXIE_bit
0x0F9D       [0]    PSPIE_bit
0x0F9D       [0]    ADIE_bit
0x0F9D       [0]    RCIE_bit
0x0F9E       [1]    PIR1
0x0F9E       [0]    CCP1IF_bit
0x0F9E       [0]    RCIF_bit
0x0F9E       [0]    PSPIF_bit
0x0F9E       [0]    ADIF_bit
0x0F9E       [0]    TMR1IF_bit
0x0F9E       [0]    TMR2IF_bit
0x0F9E       [0]    SSPIF_bit
0x0F9E       [0]    TXIF_bit
0x0F9F       [0]    SSPIP_bit
0x0F9F       [0]    PSPIP_bit
0x0F9F       [1]    IPR1
0x0F9F       [0]    TMR2IP_bit
0x0F9F       [0]    TMR1IP_bit
0x0F9F       [0]    TXIP_bit
0x0F9F       [0]    ADIP_bit
0x0F9F       [0]    RCIP_bit
0x0F9F       [0]    CCP1IP_bit
0x0FA0       [1]    PIE2
0x0FA0       [0]    TMR3IE_bit
0x0FA0       [0]    LVDIE_bit
0x0FA0       [0]    BCLIE_bit
0x0FA0       [0]    EEIE_bit
0x0FA0       [0]    CCP2IE_bit
0x0FA1       [0]    BCLIF_bit
0x0FA1       [0]    EEIF_bit
0x0FA1       [1]    PIR2
0x0FA1       [0]    TMR3IF_bit
0x0FA1       [0]    CCP2IF_bit
0x0FA1       [0]    LVDIF_bit
0x0FA2       [1]    IPR2
0x0FA2       [0]    CCP2IP_bit
0x0FA2       [0]    TMR3IP_bit
0x0FA2       [0]    LVDIP_bit
0x0FA2       [0]    EEIP_bit
0x0FA2       [0]    BCLIP_bit
0x0FA6       [0]    WREN_bit
0x0FA6       [0]    WR_bit
0x0FA6       [0]    RD_bit
0x0FA6       [0]    CFGS_bit
0x0FA6       [0]    FREE_bit
0x0FA6       [0]    WRERR_bit
0x0FA6       [0]    EEPGD_bit
0x0FA6       [1]    EECON1
0x0FA7       [1]    EECON2
0x0FA8       [1]    EEDATA
0x0FA9       [1]    EEADR
0x0FAB       [1]    RCSTA
0x0FAB       [0]    FERR_bit
0x0FAB       [0]    RC8_9_bit
0x0FAB       [0]    OERR_bit
0x0FAB       [0]    SREN_bit
0x0FAB       [0]    RX9_bit
0x0FAB       [0]    CREN_bit
0x0FAB       [0]    RC9_bit
0x0FAB       [0]    ADDEN_bit
0x0FAB       [0]    SPEN_bit
0x0FAB       [0]    RCD8_bit
0x0FAB       [0]    NOT_RC8_bit
0x0FAB       [0]    RX9D_bit
0x0FAC       [0]    TRMT_bit
0x0FAC       [0]    TX9D_bit
0x0FAC       [0]    TXEN_bit
0x0FAC       [0]    TX9_bit
0x0FAC       [0]    TXD8_bit
0x0FAC       [0]    BRGH_bit
0x0FAC       [0]    NOT_TX8_bit
0x0FAC       [0]    CSRC_bit
0x0FAC       [0]    TX8_9_bit
0x0FAC       [0]    SYNC_bit
0x0FAC       [1]    TXSTA
0x0FAD       [1]    TXREG
0x0FAE       [1]    RCREG
0x0FAF       [1]    SPBRG
0x0FB1       [0]    NOT_T3SYNC_bit
0x0FB1       [0]    T3CCP1_bit
0x0FB1       [0]    T3CKPS0_bit
0x0FB1       [1]    T3CON
0x0FB1       [0]    RD16_T3CON_bit
0x0FB1       [0]    TMR3CS_bit
0x0FB1       [0]    TMR3ON_bit
0x0FB1       [0]    T3CCP2_bit
0x0FB1       [0]    T3SYNC_bit
0x0FB1       [0]    T3CKPS1_bit
0x0FB1       [0]    T3INSYNC_bit
0x0FB2       [1]    TMR3L
0x0FB3       [1]    TMR3H
0x0FBA       [0]    CCP2M2_bit
0x0FBA       [0]    CCP2M3_bit
0x0FBA       [0]    CCP2M0_bit
0x0FBA       [0]    CCP2M1_bit
0x0FBA       [0]    CCP2X_bit
0x0FBA       [0]    DC2B1_bit
0x0FBA       [0]    CCP2Y_bit
0x0FBA       [0]    DC2B0_bit
0x0FBA       [1]    CCP2CON
0x0FBB       [1]    CCPR2L
0x0FBB       [2]    CCPR2
0x0FBC       [1]    CCPR2H
0x0FBD       [0]    CCP1M3_bit
0x0FBD       [0]    CCP1M2_bit
0x0FBD       [0]    CCP1M1_bit
0x0FBD       [0]    CCP1X_bit
0x0FBD       [1]    CCP1CON
0x0FBD       [0]    CCP1Y_bit
0x0FBD       [0]    DC1B0_bit
0x0FBD       [0]    CCP1M0_bit
0x0FBD       [0]    DC1B1_bit
0x0FBE       [1]    CCPR1L
0x0FBE       [2]    CCPR1
0x0FBF       [1]    CCPR1H
0x0FC1       [0]    PCFG0_bit
0x0FC1       [0]    PCFG2_bit
0x0FC1       [0]    ADFM_bit
0x0FC1       [1]    ADCON1
0x0FC1       [0]    ADCS2_bit
0x0FC1       [0]    PCFG1_bit
0x0FC1       [0]    PCFG3_bit
0x0FC2       [0]    ADCS1_bit
0x0FC2       [0]    ADCS0_bit
0x0FC2       [0]    DONE_bit
0x0FC2       [0]    NOT_DONE_bit
0x0FC2       [0]    GO_DONE_bit
0x0FC2       [1]    ADCON0
0x0FC2       [0]    ADON_bit
0x0FC2       [0]    CHS1_bit
0x0FC2       [0]    CHS2_bit
0x0FC2       [0]    CHS0_bit
0x0FC2       [0]    GO_bit
0x0FC3       [1]    ADRESL
0x0FC3       [2]    ADRES
0x0FC4       [1]    ADRESH
0x0FC5       [1]    SSPCON2
0x0FC5       [0]    ACKDT_bit
0x0FC5       [0]    ACKEN_bit
0x0FC5       [0]    GCEN_bit
0x0FC5       [0]    ACKSTAT_bit
0x0FC5       [0]    RSEN_bit
0x0FC5       [0]    SEN_bit
0x0FC5       [0]    RCEN_bit
0x0FC5       [0]    PEN_bit
0x0FC6       [0]    SSPOV_bit
0x0FC6       [0]    SSPEN_bit
0x0FC6       [1]    SSPCON1
0x0FC6       [0]    WCOL_bit
0x0FC6       [0]    CKP_bit
0x0FC6       [0]    SSPM1_bit
0x0FC6       [0]    SSPM0_bit
0x0FC6       [0]    SSPM3_bit
0x0FC6       [0]    SSPM2_bit
0x0FC7       [0]    D_A_bit
0x0FC7       [0]    NOT_ADDRESS_bit
0x0FC7       [0]    DATA_ADDRESS_bit
0x0FC7       [0]    I2C_STOP__bit
0x0FC7       [0]    P_bit
0x0FC7       [0]    CKE_bit
0x0FC7       [0]    SMP_bit
0x0FC7       [0]    D_bit
0x0FC7       [0]    NOT_A_bit
0x0FC7       [0]    I2C_DAT_bit
0x0FC7       [0]    S_bit
0x0FC7       [0]    READ_WRITE_bit
0x0FC7       [0]    R_W_bit
0x0FC7       [0]    UA_bit
0x0FC7       [1]    SSPSTAT
0x0FC7       [0]    BF_bit
0x0FC7       [0]    R_bit
0x0FC7       [0]    I2C_START__bit
0x0FC7       [0]    I2C_READ_bit
0x0FC7       [0]    NOT_WRITE_bit
0x0FC7       [0]    NOT_W_bit
0x0FC8       [1]    SSPADD
0x0FC9       [1]    SSPBUF
0x0FCA       [0]    TOUTPS1_bit
0x0FCA       [0]    TOUTPS0_bit
0x0FCA       [0]    TOUTPS3_bit
0x0FCA       [0]    TOUTPS2_bit
0x0FCA       [0]    T2CKPS0_bit
0x0FCA       [1]    T2CON
0x0FCA       [0]    TMR2ON_bit
0x0FCA       [0]    T2CKPS1_bit
0x0FCB       [1]    PR2
0x0FCC       [1]    TMR2
0x0FCD       [0]    T1SYNC_bit
0x0FCD       [0]    NOT_T1SYNC_bit
0x0FCD       [0]    T1CKPS1_bit
0x0FCD       [0]    T1CKPS0_bit
0x0FCD       [0]    T1OSCEN_bit
0x0FCD       [0]    RD16_bit
0x0FCD       [0]    TMR1CS_bit
0x0FCD       [0]    TMR1ON_bit
0x0FCD       [1]    T1CON
0x0FCD       [0]    T1INSYNC_bit
0x0FCE       [1]    TMR1L
0x0FCF       [1]    TMR1H
0x0FD0       [0]    NOT_BOR_bit
0x0FD0       [0]    BOR_bit
0x0FD0       [0]    POR_bit
0x0FD0       [0]    NOT_RI_bit
0x0FD0       [0]    RI_bit
0x0FD0       [1]    RCON
0x0FD0       [0]    IPEN_bit
0x0FD0       [0]    NOT_TO_bit
0x0FD0       [0]    PD_bit
0x0FD0       [0]    NOT_POR_bit
0x0FD0       [0]    TO__bit
0x0FD0       [0]    NOT_PD_bit
0x0FD1       [1]    WDTCON
0x0FD1       [0]    SWDTEN_bit
0x0FD1       [0]    SWDTE_bit
0x0FD2       [0]    LVDL3_bit
0x0FD2       [0]    IRVST_bit
0x0FD2       [0]    LVDEN_bit
0x0FD2       [0]    LVDL2_bit
0x0FD2       [0]    LVDL1_bit
0x0FD2       [1]    LVDCON
0x0FD2       [0]    LVDL0_bit
0x0FD3       [0]    SCS_bit
0x0FD3       [1]    OSCCON
0x0FD5       [0]    T08BIT_bit
0x0FD5       [0]    T0PS2_bit
0x0FD5       [0]    T0CS_bit
0x0FD5       [0]    PSA_bit
0x0FD5       [0]    TMR0ON_bit
0x0FD5       [0]    T0PS0_bit
0x0FD5       [1]    T0CON
0x0FD5       [0]    T0PS1_bit
0x0FD5       [0]    T0SE_bit
0x0FD6       [1]    TMR0L
0x0FD7       [1]    TMR0H
0x0FD8       [0]    C_bit
0x0FD8       [0]    N_bit
0x0FD8       [0]    DC_bit
0x0FD8       [0]    Z_bit
0x0FD8       [0]    OV_bit
0x0FD8       [1]    STATUS
0x0FD9       [1]    FSR2L
0x0FD9       [2]    FSR2
0x0FD9       [2]    FSR2PTR
0x0FDA       [1]    FSR2H
0x0FDB       [1]    PLUSW2
0x0FDC       [1]    PREINC2
0x0FDD       [1]    POSTDEC2
0x0FDE       [1]    POSTINC2
0x0FDF       [1]    INDF2
0x0FE0       [1]    BSR
0x0FE1       [2]    FSR1
0x0FE1       [1]    FSR1L
0x0FE1       [2]    FSR1PTR
0x0FE2       [1]    FSR1H
0x0FE3       [1]    PLUSW1
0x0FE4       [1]    PREINC1
0x0FE5       [1]    POSTDEC1
0x0FE6       [1]    POSTINC1
0x0FE7       [1]    INDF1
0x0FE8       [1]    WREG
0x0FE9       [2]    FSR0
0x0FE9       [1]    FSR0L
0x0FE9       [2]    FSR0PTR
0x0FEA       [1]    FSR0H
0x0FEB       [1]    PLUSW0
0x0FEC       [1]    PREINC0
0x0FED       [1]    POSTDEC0
0x0FEE       [1]    POSTINC0
0x0FEF       [1]    INDF0
0x0FF0       [0]    INT2IP_bit
0x0FF0       [0]    INT2IE_bit
0x0FF0       [0]    INT1IP_bit
0x0FF0       [0]    INT1IE_bit
0x0FF0       [1]    INTCON3
0x0FF0       [0]    INT1IF_bit
0x0FF0       [0]    INT2IF_bit
0x0FF1       [0]    INTEDG1_bit
0x0FF1       [0]    RBPU_bit
0x0FF1       [1]    INTCON2
0x0FF1       [0]    INTEDG0_bit
0x0FF1       [0]    INTEDG2_bit
0x0FF1       [0]    T0IP_bit
0x0FF1       [0]    RBIP_bit
0x0FF1       [0]    NOT_RBPU_bit
0x0FF1       [0]    TMR0IP_bit
0x0FF2       [0]    GIEH_bit
0x0FF2       [0]    PEIE_bit
0x0FF2       [0]    RBIE_bit
0x0FF2       [0]    INT0IE_bit
0x0FF2       [0]    INT0E_bit
0x0FF2       [0]    GIE_bit
0x0FF2       [0]    GIEL_bit
0x0FF2       [0]    INT0F_bit
0x0FF2       [0]    T0IF_bit
0x0FF2       [0]    INT0IF_bit
0x0FF2       [0]    RBIF_bit
0x0FF2       [0]    TMR0IE_bit
0x0FF2       [0]    TMR0IF_bit
0x0FF2       [1]    INTCON
0x0FF2       [1]    INTCON1
0x0FF2       [0]    T0IE_bit
0x0FF3       [2]    PROD
0x0FF3       [1]    PRODL
0x0FF4       [1]    PRODH
0x0FF5       [1]    TABLAT
0x0FF6       [3]    TBLPTR
0x0FF6       [1]    TBLPTRL
0x0FF7       [1]    TBLPTRH
0x0FF8       [1]    TBLPTRU
0x0FF8       [0]    TBLPTRU1_bit
0x0FF8       [0]    TBLPTRU0_bit
0x0FF8       [0]    TBLPTRU2_bit
0x0FF8       [0]    ACSS_bit
0x0FF8       [0]    TBLPTRU4_bit
0x0FF8       [0]    TBLPTRU3_bit
0x0FF9       [1]    PCL
0x0FFA       [1]    PCLATH
0x0FFB       [0]    PCU2_bit
0x0FFB       [1]    PCLATU
0x0FFB       [0]    PCU0_bit
0x0FFB       [0]    PCU1_bit
0x0FFB       [0]    PCU3_bit
0x0FFB       [0]    PCU4_bit
0x0FFC       [1]    STKPTR
0x0FFC       [0]    STKUNF_bit
0x0FFC       [0]    STKFUL_bit
0x0FFD       [1]    TOSL
0x0FFE       [1]    TOSH
0x0FFF       [1]    TOSU
//** Constants locations ** 
//ADDRESS    SIZE    CONSTANT
//----------------------------------------------
0x032C       [2]    ?ICS_tentativas
0x032E      [35]    ?ICS?lstr5_ASS
0x0351      [26]    ?ICS?lstr4_ASS
0x036B       [7]    ?ICS_letras2
0x0372      [35]    ?ICS?lstr3_ASS
0x0395       [8]    ?ICS_escondida
0x039D       [8]    ?ICS_palavra
0x03A5      [20]    ?ICS?lstr1_ASS
0x03B9       [7]    ?ICS_letras1
0x03C0       [8]    ?ICS?lstr2_ASS
//** Label List: ** 
//----------------------------------------------
  L_main0
  L_main1
  L_main2
  L_main3
  L_main4
  L_main5
  L_main6
  L_main7
  _imprimeEstadoAtual
  _main
  L__main8
  L__main9
  L__main10
  L_memchr0
  L_memchr1
  L_memchr2
  L_memchr3
  L_memcmp4
  L_memcmp5
  L_memcmp6
  L_memcpy7
  L_memcpy8
  L_memmove9
  L_memmove10
  L_memmove11
  L_memmove12
  L_memmove13
  L_memmove14
  L_memmove15
  L_memmove16
  L_memmove17
  L_memmove18
  L_memmove19
  L_memset20
  L_memset21
  L_strcat22
  L_strcat23
  L_strcat24
  L_strcat25
  L_strchr26
  L_strchr27
  L_strchr28
  L_strchr29
  L_strcmp30
  L_strcmp31
  L_strcmp32
  L_strcmp33
  L_strcpy34
  L_strcpy35
  L_strlen36
  L_strlen37
  L_strncat38
  L_strncat39
  L_strncat40
  L_strncat41
  L_strncat42
  L_strncat43
  L_strncat44
  L_strncpy45
  L_strncpy46
  L_strncpy47
  L_strncpy48
  L_strncpy49
  L_strspn50
  L_strspn51
  L_strspn52
  L_strspn53
  L_strcspn54
  L_strcspn55
  L_strcspn56
  L_strcspn57
  L_strncmp58
  L_strncmp59
  L_strncmp60
  L_strncmp61
  L_strncmp62
  L_strpbrk63
  L_strpbrk64
  L_strpbrk65
  L_strrchr66
  L_strrchr67
  L_strrchr68
  L_strrchr69
  L_strstr70
  L_strstr71
  L_strstr72
  L_strstr73
  L_strstr74
  L_strtok75
  L_strtok76
  L_strtok77
  L_strtok78
  L_strtok79
  L__memmove80
  L__strcmp81
  L__strncat82
  L__strspn83
  L__strcspn84
  L__strncmp85
  L__strstr86
  _memchr
  _memcmp
  L__memcmp87
  _memcpy
  _memmove
  L__memmove88
  L__memmove89
  _memset
  _strcat
  _strchr
  _strcmp
  _strcpy
  _strlen
  _strncat
  L__strncat90
  _strncpy
  _strspn
  L__strspn91
  _strcspn
  L__strcspn92
  _strncmp
  _strpbrk
  _strrchr
  L__strrchr93
  _strstr
  L__strstr94
  L__strstr95
  _strtok
  L__strtok96
  _CC2D_Loop1
  _CC2DL_Loop1
  L_longjmp2
  ___CC2D
  ___CC2DW
  _____DoIFC
  _Swap
  _setjmp
  _longjmp
  L_UART1_Init0
  L_UART1_Init1
  L_UART1_Read2
  L_UART1_Write3
  L_UART1_Write4
  L_UART1_Write_Text5
  L_UART1_Write_Text6
  L_UART1_Read_Text7
  L_UART1_Read_Text8
  L_UART1_Read_Text9
  L_UART1_Read_Text10
  L_UART1_Read_Text11
  L_UART1_Read_Text12
  L_UART1_Read_Text13
  L_UART1_Read_Text14
  L_UART1_Read_Text15
  _UART1_Init
  _UART1_Data_Ready
  _UART1_Read
  _UART1_Tx_Idle
  _UART1_Write
  _UART1_Write_Text
  _UART1_Read_Text
  _UART_Set_Active
